<?xml version="1.0" encoding="UTF-8"?>
<testsuite xmlns:xsi="http://www.w3.org/2001/XMLSchema-instance" xsi:noNamespaceSchemaLocation="https://maven.apache.org/surefire/maven-surefire-plugin/xsd/surefire-test-report-3.0.xsd" version="3.0" name="com.mycompany.app.AppTest" time="0.025" tests="6" errors="0" skipped="0" failures="0">
  <properties>
[...]
</properties>
  <testcase name="testErrorSetting1" classname="com.mycompany.app.AppTest" time="0.002"/>
  <testcase name="testErrorSetting2" classname="com.mycompany.app.AppTest" time="0.0"/>
  <testcase name="testSortSetting" classname="com.mycompany.app.AppTest" time="0.0"/>
  <testcase name="testTransformSetting1" classname="com.mycompany.app.AppTest" time="0.0"/>
  <testcase name="testTransformSetting2" classname="com.mycompany.app.AppTest" time="0.0"/>
  <testcase name="testDuplicateSetting" classname="com.mycompany.app.AppTest" time="0.0"/>
</testsuite>